make all --print-data-base --no-builtin-variables --no-builtin-rules --question
# GNU Make 4.2.1
# Built for x86_64-pc-linux-gnu
# Copyright (C) 1988-2016 Free Software Foundation, Inc.
# License GPLv3+: GNU GPL version 3 or later <http://gnu.org/licenses/gpl.html>
# This is free software: you are free to change and redistribute it.
# There is NO WARRANTY, to the extent permitted by law.

# Make data base, printed on Tue May 17 01:55:56 2022

# Variables

# automatic
<D = $(patsubst %/,%,$(dir $<))
# automatic
?F = $(notdir $?)
# makefile (from 'Makefile', line 13)
EXTRA_CXXFLAGS = -I/home/hank/.local/include/rocksdb
# default
.SHELLFLAGS := -c
# environment
XDG_SESSION_CLASS = user
# environment
VSCODE_AGENT_FOLDER = /home/wzh/.vscode-server
# environment
XDG_SESSION_TYPE = tty
# environment
VSCODE_LOG_NATIVE = false
# automatic
?D = $(patsubst %/,%,$(dir $?))
# makefile (from 'Makefile', line 24)
CPPFLAGS = -DNDEBUG
# automatic
@D = $(patsubst %/,%,$(dir $@))
# automatic
@F = $(notdir $@)
# default
MAKE_VERSION := 4.2.1
# makefile
CURDIR := /home/wzh/d-rocksdb/YCSB-cpp
# makefile
SHELL = /bin/sh
# environment
VSCODE_NLS_CONFIG = {"locale":"zh-cn","availableLanguages":{}}
# environment
_ = /home/wzh/.vscode-server/bin/da15b6fd3ef856477bf6f4fb29ba1b7af717770d/node
# makefile (from 'core/core_workload.d', line 1)
MAKEFILE_LIST :=  Makefile rocksdb/rocksdb_db.d core/basic_db.d core/db_factory.d core/measurements.d core/ycsbc.d core/acknowledged_counter_generator.d core/core_workload.d
# environment
CRAIL_HOME = /home/duo/duo/crail/apache-crail-1.3-incubating-SNAPSHOT/
# 'override' directive
GNUMAKEFLAGS := 
# makefile (from 'Makefile', line 34)
SOURCES = $(wildcard rocksdb/*.cc) $(wildcard core/*.cc)
# makefile (from 'Makefile', line 32)
CXXFLAGS = -O2 -std=c++17 -Wall -pthread $(EXTRA_CXXFLAGS) -I./
# environment
XDG_DATA_DIRS = /usr/local/share:/usr/share:/var/lib/snapd/desktop
# environment
DBUS_SESSION_BUS_ADDRESS = unix:path=/run/user/1011/bus
# environment
VSCODE_VERBOSE_LOGGING = true
# environment
LESSOPEN = | /usr/bin/lesspipe %s
# environment
VSCODE_CWD = /home/wzh
# environment
SSH_CONNECTION = 192.168.1.17 36328 192.168.1.7 22
# environment
PATH = /home/wzh/.vscode-server/bin/da15b6fd3ef856477bf6f4fb29ba1b7af717770d/bin/remote-cli:/home/wzh/.local/bin:/home/wzh/maven-3.8.4:/bin:/home/wzh/jdk1.8.0_202/bin:/usr/local/sbin:/usr/local/bin:/usr/sbin:/usr/bin:/sbin:/bin:/usr/games:/usr/local/games:/snap/bin
# makefile (from 'Makefile', line 12)
DEBUG_BUILD = 0
# environment
XDG_RUNTIME_DIR = /run/user/1011
# environment
LIBRARY_PATH = /home/wzh/.local/lib:
# environment
VSCODE_LOG_STACK = false
# environment
VSCODE_IPC_HOOK_CLI = /run/user/1011/vscode-ipc-1ac1360a-4912-4deb-8b80-a5eb8750c408.sock
# makefile (from 'Makefile', line 33)
LDFLAGS = -lrocksdb $(EXTRA_LDFLAGS) -lpthread
# default
.FEATURES := target-specific order-only second-expansion else-if shortest-stem undefine oneshell archives jobserver output-sync check-symlink load
# environment
LS_COLORS = 
# environment
CPLUS_INCLUDE_PATH = /home/wzh/.local/include:
# automatic
%F = $(notdir $%)
# environment
VSCODE_PIPE_LOGGING = true
# makefile (from 'Makefile', line 16)
BIND_ROCKSDB = 1
# environment
PWD = /home/wzh/d-rocksdb/YCSB-cpp
# default
.LOADED := 
# automatic
*D = $(patsubst %/,%,$(dir $*))
# makefile (from 'Makefile', line 14)
EXTRA_LDFLAGS = -L/home/hank/.local/lib -lsnappy -lz -llz4 -lbz2 -lzstd -ldl
# environment
VSCODE_AMD_ENTRYPOINT = vs/workbench/api/node/extensionHostProcess
# environment
HOME = /home/wzh
# environment
LD_LIBRARY_PATH = /home/wzh/.local/lib:
# environment
LESSCLOSE = /usr/bin/lesspipe %s %s
# environment
LOGNAME = wzh
# environment
APPLICATION_INSIGHTS_NO_DIAGNOSTIC_CHANNEL = true
# automatic
+F = $(notdir $+)
# environment
VSCODE_HANDLES_UNCAUGHT_ERRORS = true
# automatic
^D = $(patsubst %/,%,$(dir $^))
# environment
MAKELEVEL := 0
# default
MAKE = $(MAKE_COMMAND)
# default
MAKECMDGOALS := all
# environment
SHLVL = 0
# environment
JAVA_HOME = /home/wzh/jdk1.8.0_202
# makefile (from 'Makefile', line 37)
EXEC = ycsb
# environment
XDG_SESSION_ID = 1257
# environment
USER = wzh
# makefile
 
.DEFAULT_GOAL := all
# automatic
%D = $(patsubst %/,%,$(dir $%))
# default
MAKE_COMMAND := make
# environment
OLDPWD = /home/wzh/.vscode-server/bin/da15b6fd3ef856477bf6f4fb29ba1b7af717770d
# default
.VARIABLES := 
# automatic
*F = $(notdir $*)
# makefile
MAKEFLAGS = pqrR
# environment
MFLAGS = -pqrR
# environment
SSH_CLIENT = 192.168.1.17 36328 22
# automatic
+D = $(patsubst %/,%,$(dir $+))
# environment
BROWSER = /home/wzh/.vscode-server/bin/da15b6fd3ef856477bf6f4fb29ba1b7af717770d/bin/helpers/browser.sh
# environment
VSCODE_HANDLES_SIGPIPE = true
# default
MAKEFILES := 
# automatic
<F = $(notdir $<)
# environment
LC_ALL = C
# automatic
^F = $(notdir $^)
# makefile (from 'Makefile', line 36)
DEPS = $(SOURCES:.cc=.d)
# default
SUFFIXES := 
# default
.INCLUDE_DIRS = /usr/include /usr/local/include /usr/include
# default
.RECIPEPREFIX := 
# makefile (from 'Makefile', line 35)
OBJECTS = $(SOURCES:.cc=.o)
# default
MAKE_HOST := x86_64-pc-linux-gnu
# environment
LANG = C
# environment
VSCODE_EXTHOST_WILL_SEND_SOCKET = true
# environment
MOTD_SHOWN = pam
# variable set hash-table stats:
# Load=87/1024=8%, Rehash=0, Collisions=9/159=6%

# Pattern-specific Variable Values

 
# No pattern-specific variable values.

# Directories

# . (device 64768, inode 8814594): 12 files, no impossibilities.
# core (device 64768, inode 8814596): 36 files, no impossibilities.
# rocksdb (device 64768, inode 8814597): 7 files, no impossibilities.

# 55 files, no impossibilities in 3 directories.

# Implicit Rules

%.d: %.cc
#  recipe to execute (from 'Makefile', line 50):
	@$(CXX) $(CXXFLAGS) $(CPPFLAGS) -MM -MT '$(<:.cc=.o)' -o $@ $<

# 1 implicit rules, 0 (0.0%) terminal.

# Files

# Not a target:
core/core_workload.h:
#  Implicit rule search has been done.
#  Last modified 2022-05-14 18:50:32.052625353
#  File has been updated.
#  Successfully updated.

# Not a target:
core/zipfian_generator.h:
#  Implicit rule search has been done.
#  Last modified 2022-05-09 23:23:58.049124137
#  File has been updated.
#  Successfully updated.

# Not a target:
rocksdb/rocksdb_db.cc:
#  Implicit rule search has been done.
#  Last modified 2022-05-16 20:46:07.48222785
#  File has been updated.
#  Successfully updated.

core/db_factory.o: core/db_factory.cc core/db_factory.h core/db.h core/properties.h core/utils.h core/measurements.h core/core_workload.h core/generator.h core/discrete_generator.h core/counter_generator.h core/acknowledged_counter_generator.h core/basic_db.h core/db_wrapper.h core/timer.h
#  Implicit rule search has been done.
#  File does not exist.
#  File has been updated.
#  Successfully updated.

all: ycsb
#  Command line target.
#  Implicit rule search has been done.
#  File does not exist.
#  File has been updated.
#  Needs to be updated (-q is set).
# variable set hash-table stats:
# Load=0/32=0%, Rehash=0, Collisions=0/8=0%

core/measurements.o: core/measurements.cc core/measurements.h core/core_workload.h core/db.h core/properties.h core/utils.h core/generator.h core/discrete_generator.h core/counter_generator.h core/acknowledged_counter_generator.h
#  Implicit rule search has been done.
#  File does not exist.
#  File has been updated.
#  Successfully updated.

core/acknowledged_counter_generator.o: core/acknowledged_counter_generator.cc core/acknowledged_counter_generator.h core/counter_generator.h core/generator.h core/utils.h
#  Implicit rule search has been done.
#  File does not exist.
#  File has been updated.
 
#  Successfully updated.

.PHONY: clean
#  Implicit rule search has not been done.
#  Modification time never checked.
#  File has not been updated.

# Not a target:
core/timer.h:
#  Implicit rule search has been done.
#  Last modified 2022-05-09 23:23:58.049124137
#  File has been updated.
#  Successfully updated.

core/basic_db.d: core/basic_db.cc
#  Implicit rule search has been done.
#  Implicit/static pattern stem: 'core/basic_db'
#  Last modified 2022-05-17 01:55:55.974267737
#  File has been updated.
#  Successfully updated.
#  recipe to execute (from 'Makefile', line 50):
	@$(CXX) $(CXXFLAGS) $(CPPFLAGS) -MM -MT '$(<:.cc=.o)' -o $@ $<

# Not a target:
core/uniform_generator.h:
#  Implicit rule search has been done.
#  Last modified 2022-05-09 23:23:58.049124137
#  File has been updated.
#  Successfully updated.

core/core_workload.d: core/core_workload.cc
#  Implicit rule search has been done.
#  Implicit/static pattern stem: 'core/core_workload'
#  Last modified 2022-05-17 01:55:55.71426989
#  File has been updated.
#  Successfully updated.
#  recipe to execute (from 'Makefile', line 50):
	@$(CXX) $(CXXFLAGS) $(CPPFLAGS) -MM -MT '$(<:.cc=.o)' -o $@ $<

# Not a target:
core/countdown_latch.h:
#  Implicit rule search has been done.
#  Last modified 2022-05-09 23:23:58.049124137
#  File has been updated.
#  Successfully updated.

# Not a target:
core/db_factory.cc:
#  Implicit rule search has been done.
#  Last modified 2022-05-09 23:23:58.049124137
#  File has been updated.
#  Successfully updated.

# Not a target:
core/measurements.cc:
#  Implicit rule search has been done.
#  Last modified 2022-05-09 23:23:58.049124137
#  File has been updated.
#  Successfully updated.

.cc.o:
#  Implicit rule search has not been done.
#  Modification time never checked.
#  File has not been updated.
#  recipe to execute (from 'Makefile', line 46):
	@$(CXX) $(CXXFLAGS) $(CPPFLAGS) -c -o $@ $<
	@echo "  CC      " $@

core/ycsbc.d: core/ycsbc.cc
#  Implicit rule search has been done.
#  Implicit/static pattern stem: 'core/ycsbc'
#  Last modified 2022-05-17 01:55:55.826268962
#  File has been updated.
 
#  Successfully updated.
#  recipe to execute (from 'Makefile', line 50):
	@$(CXX) $(CXXFLAGS) $(CPPFLAGS) -MM -MT '$(<:.cc=.o)' -o $@ $<

# Not a target:
core/acknowledged_counter_generator.cc:
#  Implicit rule search has been done.
#  Last modified 2022-05-09 23:23:58.045124211
#  File has been updated.
#  Successfully updated.

# Not a target:
core/scrambled_zipfian_generator.h:
#  Implicit rule search has been done.
#  Last modified 2022-05-09 23:23:58.049124137
#  File has been updated.
#  Successfully updated.

# Not a target:
.SUFFIXES:
#  Implicit rule search has not been done.
#  Modification time never checked.
#  File has not been updated.

ycsb: rocksdb/rocksdb_db.o core/basic_db.o core/db_factory.o core/measurements.o core/ycsbc.o core/acknowledged_counter_generator.o core/core_workload.o
#  Implicit rule search has not been done.
#  Implicit/static pattern stem: ''
#  File does not exist.
#  File has been updated.
#  Needs to be updated (-q is set).
# automatic
# @ := ycsb
# automatic
# % := 
# automatic
# * := 
# automatic
# + := rocksdb/rocksdb_db.o core/basic_db.o core/db_factory.o core/measurements.o core/ycsbc.o core/acknowledged_counter_generator.o core/core_workload.o
# automatic
# | := 
# automatic
# < := rocksdb/rocksdb_db.o
# automatic
# ^ := rocksdb/rocksdb_db.o core/basic_db.o core/db_factory.o core/measurements.o core/ycsbc.o core/acknowledged_counter_generator.o core/core_workload.o
# automatic
# ? := rocksdb/rocksdb_db.o core/basic_db.o core/db_factory.o core/measurements.o core/ycsbc.o core/acknowledged_counter_generator.o core/core_workload.o
# variable set hash-table stats:
# Load=8/32=25%, Rehash=0, Collisions=1/19=5%
#  recipe to execute (from 'Makefile', line 42):
	@$(CXX) $(CXXFLAGS) $^ $(LDFLAGS) -o $@
	@echo "  LD      " $@

# Not a target:
core/skewed_latest_generator.h:
#  Implicit rule search has been done.
#  Last modified 2022-05-09 23:23:58.049124137
#  File has been updated.
#  Successfully updated.

# Not a target:
core/counter_generator.h:
#  Implicit rule search has been done.
#  Last modified 2022-05-09 23:23:58.049124137
#  File has been updated.
#  Successfully updated.

# Not a target:
Makefile:
#  Implicit rule search has been done.
#  Last modified 2022-05-09 23:23:58.045124211
#  File has been updated.
#  Successfully updated.

# Not a target:
core/discrete_generator.h:
#  Implicit rule search has been done.
#  Last modified 2022-05-09 23:23:58.049124137
#  File has been updated.
#  Successfully updated.

# Not a target:
core/db_wrapper.h:
#  Implicit rule search has been done.
#  Last modified 2022-05-09 23:23:58.049124137
#  File has been updated.
#  Successfully updated.

core/basic_db.o: core/basic_db.cc core/basic_db.h core/db.h core/properties.h core/utils.h
#  Implicit rule search has been done.
#  File does not exist.
#  File has been updated.
#  Successfully updated.

# Not a target:
rocksdb/rocksdb_db.h:
#  Implicit rule search has been done.
#  Last modified 2022-05-09 23:23:58.049124137
#  File has been updated.
#  Successfully updated.

core/core_workload.o: core/core_workload.cc core/utils.h core/uniform_generator.h core/generator.h core/zipfian_generator.h core/scrambled_zipfian_generator.h core/skewed_latest_generator.h core/counter_generator.h core/const_generator.h core/core_workload.h core/db.h core/properties.h core/discrete_generator.h core/acknowledged_counter_generator.h core/random_byte_generator.h
#  Implicit rule search has been done.
#  File does not exist.
#  File has been updated.
#  Successfully updated.

core/ycsbc.o: core/ycsbc.cc core/client.h core/core_workload.h core/db.h core/properties.h core/utils.h core/generator.h core/discrete_generator.h core/counter_generator.h core/acknowledged_counter_generator.h core/countdown_latch.h core/db_factory.h core/measurements.h core/timer.h
#  Implicit rule search has been done.
#  File does not exist.
#  File has been updated.
#  Successfully updated.

# Not a target:
core/basic_db.cc:
#  Implicit rule search has been done.
#  Last modified 2022-05-09 23:23:58.045124211
#  File has been updated.
#  Successfully updated.

# Not a target:
.DEFAULT:
#  Implicit rule search has not been done.
#  Modification time never checked.
#  File has not been updated.

# Not a target:
core/db_factory.h:
#  Implicit rule search has been done.
#  Last modified 2022-05-09 23:23:58.049124137
#  File has been updated.
#  Successfully updated.

# Not a target:
core/measurements.h:
#  Implicit rule search has been done.
#  Last modified 2022-05-09 23:23:58.049124137
#  File has been updated.
#  Successfully updated.

# Not a target:
core/acknowledged_counter_generator.h:
#  Implicit rule search has been done.
#  Last modified 2022-05-09 23:23:58.045124211
#  File has been updated.
#  Successfully updated.

# Not a target:
core/core_workload.cc:
#  Implicit rule search has been done.
#  Last modified 2022-05-09 23:23:58.045124211
#  File has been updated.
#  Successfully updated.

rocksdb/rocksdb_db.d: rocksdb/rocksdb_db.cc
#  Implicit rule search has been done.
#  Implicit/static pattern stem: 'rocksdb/rocksdb_db'
#  Last modified 2022-05-17 01:55:56.034267239
#  File has been updated.
#  Successfully updated.
#  recipe to execute (from 'Makefile', line 50):
	@$(CXX) $(CXXFLAGS) $(CPPFLAGS) -MM -MT '$(<:.cc=.o)' -o $@ $<

# Not a target:
core/ycsbc.cc:
#  Implicit rule search has been done.
#  Last modified 2022-05-14 21:26:06.996243357
#  File has been updated.
#  Successfully updated.

clean:
#  Phony target (prerequisite of .PHONY).
#  Implicit rule search has not been done.
#  File does not exist.
#  File has not been updated.
#  recipe to execute (from 'Makefile', line 57):
	find . -name "*.[od]" -delete
	$(RM) $(EXEC)

# Not a target:
core/generator.h:
#  Implicit rule search has been done.
#  Last modified 2022-05-09 23:23:58.049124137
#  File has been updated.
#  Successfully updated.

# Not a target:
core/random_byte_generator.h:
#  Implicit rule search has been done.
#  Last modified 2022-05-09 23:23:58.049124137
#  File has been updated.
#  Successfully updated.

# Not a target:
core/const_generator.h:
#  Implicit rule search has been done.
#  Last modified 2022-05-09 23:23:58.045124211
#  File has been updated.
#  Successfully updated.

# Not a target:
core/db.h:
#  Implicit rule search has been done.
#  Last modified 2022-05-09 23:23:58.049124137
#  File has been updated.
#  Successfully updated.

# Not a target:
core/utils.h:
#  Implicit rule search has been done.
#  Last modified 2022-05-09 23:23:58.049124137
#  File has been updated.
#  Successfully updated.

core/db_factory.d: core/db_factory.cc
#  Implicit rule search has been done.
#  Implicit/static pattern stem: 'core/db_factory'
#  Last modified 2022-05-17 01:55:55.922268167
#  File has been updated.
#  Successfully updated.
#  recipe to execute (from 'Makefile', line 50):
	@$(CXX) $(CXXFLAGS) $(CPPFLAGS) -MM -MT '$(<:.cc=.o)' -o $@ $<

core/measurements.d: core/measurements.cc
#  Implicit rule search has been done.
#  Implicit/static pattern stem: 'core/measurements'
#  Last modified 2022-05-17 01:55:55.874268564
#  File has been updated.
#  Successfully updated.
#  recipe to execute (from 'Makefile', line 50):
	@$(CXX) $(CXXFLAGS) $(CPPFLAGS) -MM -MT '$(<:.cc=.o)' -o $@ $<

core/acknowledged_counter_generator.d: core/acknowledged_counter_generator.cc
#  Implicit rule search has been done.
#  Implicit/static pattern stem: 'core/acknowledged_counter_generator'
#  Last modified 2022-05-17 01:55:55.758269525
#  File has been updated.
#  Successfully updated.
#  recipe to execute (from 'Makefile', line 50):
	@$(CXX) $(CXXFLAGS) $(CPPFLAGS) -MM -MT '$(<:.cc=.o)' -o $@ $<

# Not a target:
core/basic_db.h:
#  Implicit rule search has been done.
#  Last modified 2022-05-09 23:23:58.045124211
#  File has been updated.
#  Successfully updated.

# Not a target:
core/properties.h:
#  Implicit rule search has been done.
#  Last modified 2022-05-09 23:23:58.049124137
#  File has been updated.
#  Successfully updated.

rocksdb/rocksdb_db.o: rocksdb/rocksdb_db.cc rocksdb/rocksdb_db.h
#  Implicit rule search has been done.
#  File does not exist.
#  File has been updated.
#  Successfully updated.

# Not a target:
core/client.h:
#  Implicit rule search has been done.
#  Last modified 2022-05-09 23:23:58.045124211
#  File has been updated.
#  Successfully updated.

# files hash-table stats:
# Load=51/1024=5%, Rehash=0, Collisions=0/173=0%
# VPATH Search Paths

# No 'vpath' search paths.

# No general ('VPATH' variable) search path.

# strcache buffers: 1 (0) / strings = 111 / storage = 1865 B / avg = 16 B
# current buf: size = 8162 B / used = 1865 B / count = 111 / avg = 16 B

# strcache performance: lookups = 202 / hit rate = 45%
# hash-table stats:
# Load=111/8192=1%, Rehash=0, Collisions=11/202=5%
 
# Finished Make data base on Tue May 17 01:55:56 2022

 
